# JRE version: OpenJDK Runtime Environment GraalVM CE 22.3.0 (17.0.5+8) (build 17.0.5+8-jvmci-22.3-b08)
# Java VM: OpenJDK 64-Bit Server VM GraalVM CE 22.3.0 (17.0.5+8-jvmci-22.3-b08, mixed mode, sharing, tiered, jvmci, jvmci compiler, compressed oops, compressed class ptrs, parallel gc, linux-amd64)
GC Precious Log:
 CPUs: 8 total, 1 available
 Memory: 1024M
 Large Page Support: Disabled
 NUMA Support: Disabled
 Compressed Oops: Enabled (32-bit)
 Alignments: Space 512K, Generation 512K, Heap 2M
 Heap Min Capacity: 100M
 Heap Initial Capacity: 100M
 Heap Max Capacity: 512M
 Pre-touch: Disabled
 Parallel Workers: 1
Heap:
 PSYoungGen      total 37376K, used 25599K [0x00000000f5580000, 0x00000000f8800000, 0x0000000100000000)
  eden space 25600K, 99% used [0x00000000f5580000,0x00000000f6e7ffe8,0x00000000f6e80000)
  from space 11776K, 0% used [0x00000000f7b00000,0x00000000f7b00000,0x00000000f8680000)
  to   space 12288K, 0% used [0x00000000f6e80000,0x00000000f6e80000,0x00000000f7a80000)
 ParOldGen       total 349696K, used 349695K [0x00000000e0000000, 0x00000000f5580000, 0x00000000f5580000)
  object space 349696K, 99% used [0x00000000e0000000,0x00000000f557ff78,0x00000000f5580000)
 Metaspace       used 60171K, committed 61184K, reserved 1105920K
  class space    used 5882K, committed 6336K, reserved 1048576K
GC Heap History (20 events):
Event: 201.023 GC heap before
{Heap before GC invocations=238 (full 95):
 PSYoungGen      total 37376K, used 25599K [0x00000000f5580000, 0x00000000f8800000, 0x0000000100000000)
  eden space 25600K, 99% used [0x00000000f5580000,0x00000000f6e7fff0,0x00000000f6e80000)
  from space 11776K, 0% used [0x00000000f7b00000,0x00000000f7b00000,0x00000000f8680000)
  to   space 12288K, 0% used [0x00000000f6e80000,0x00000000f6e80000,0x00000000f7a80000)
 ParOldGen       total 349696K, used 349695K [0x00000000e0000000, 0x00000000f5580000, 0x00000000f5580000)
  object space 349696K, 99% used [0x00000000e0000000,0x00000000f557fff0,0x00000000f5580000)
 Metaspace       used 60171K, committed 61184K, reserved 1105920K
  class space    used 5882K, committed 6336K, reserved 1048576K
}
Event: 202.317 GC heap after
{Heap after GC invocations=238 (full 95):
 PSYoungGen      total 37888K, used 25599K [0x00000000f5580000, 0x00000000f8800000, 0x0000000100000000)
  eden space 25600K, 99% used [0x00000000f5580000,0x00000000f6e7fff0,0x00000000f6e80000)
  from space 12288K, 0% used [0x00000000f6e80000,0x00000000f6e80000,0x00000000f7a80000)
  to   space 11776K, 0% used [0x00000000f7b00000,0x00000000f7b00000,0x00000000f8680000)
 ParOldGen       total 349696K, used 349695K [0x00000000e0000000, 0x00000000f5580000, 0x00000000f5580000)
  object space 349696K, 99% used [0x00000000e0000000,0x00000000f557fff0,0x00000000f5580000)
 Metaspace       used 60171K, committed 61184K, reserved 1105920K
  class space    used 5882K, committed 6336K, reserved 1048576K
}
Event: 202.317 GC heap before
{Heap before GC invocations=239 (full 96):
 PSYoungGen      total 37888K, used 25599K [0x00000000f5580000, 0x00000000f8800000, 0x0000000100000000)
  eden space 25600K, 99% used [0x00000000f5580000,0x00000000f6e7fff0,0x00000000f6e80000)
  from space 12288K, 0% used [0x00000000f6e80000,0x00000000f6e80000,0x00000000f7a80000)
  to   space 11776K, 0% used [0x00000000f7b00000,0x00000000f7b00000,0x00000000f8680000)
 ParOldGen       total 349696K, used 349695K [0x00000000e0000000, 0x00000000f5580000, 0x00000000f5580000)
  object space 349696K, 99% used [0x00000000e0000000,0x00000000f557fff0,0x00000000f5580000)
 Metaspace       used 60171K, committed 61184K, reserved 1105920K
  class space    used 5882K, committed 6336K, reserved 1048576K
}
Event: 203.588 GC heap after
{Heap after GC invocations=239 (full 96):
 PSYoungGen      total 37376K, used 25599K [0x00000000f5580000, 0x00000000f8800000, 0x0000000100000000)
  eden space 25600K, 99% used [0x00000000f5580000,0x00000000f6e7fff0,0x00000000f6e80000)
  from space 11776K, 0% used [0x00000000f7b00000,0x00000000f7b00000,0x00000000f8680000)
  to   space 12288K, 0% used [0x00000000f6e80000,0x00000000f6e80000,0x00000000f7a80000)
 ParOldGen       total 349696K, used 349695K [0x00000000e0000000, 0x00000000f5580000, 0x00000000f5580000)
  object space 349696K, 99% used [0x00000000e0000000,0x00000000f557fff0,0x00000000f5580000)
 Metaspace       used 60171K, committed 61184K, reserved 1105920K
  class space    used 5882K, committed 6336K, reserved 1048576K
}
Event: 203.589 GC heap before
{Heap before GC invocations=240 (full 97):
 PSYoungGen      total 37376K, used 25599K [0x00000000f5580000, 0x00000000f8800000, 0x0000000100000000)
  eden space 25600K, 99% used [0x00000000f5580000,0x00000000f6e7fff0,0x00000000f6e80000)
  from space 11776K, 0% used [0x00000000f7b00000,0x00000000f7b00000,0x00000000f8680000)
  to   space 12288K, 0% used [0x00000000f6e80000,0x00000000f6e80000,0x00000000f7a80000)
 ParOldGen       total 349696K, used 349695K [0x00000000e0000000, 0x00000000f5580000, 0x00000000f5580000)
  object space 349696K, 99% used [0x00000000e0000000,0x00000000f557fff0,0x00000000f5580000)
 Metaspace       used 60171K, committed 61184K, reserved 1105920K
  class space    used 5882K, committed 6336K, reserved 1048576K
}
Event: 204.957 GC heap after
{Heap after GC invocations=240 (full 97):
 PSYoungGen      total 37888K, used 25599K [0x00000000f5580000, 0x00000000f8800000, 0x0000000100000000)
  eden space 25600K, 99% used [0x00000000f5580000,0x00000000f6e7fff0,0x00000000f6e80000)
  from space 12288K, 0% used [0x00000000f6e80000,0x00000000f6e80000,0x00000000f7a80000)
  to   space 11776K, 0% used [0x00000000f7b00000,0x00000000f7b00000,0x00000000f8680000)
 ParOldGen       total 349696K, used 349694K [0x00000000e0000000, 0x00000000f5580000, 0x00000000f5580000)
  object space 349696K, 99% used [0x00000000e0000000,0x00000000f557fa50,0x00000000f5580000)
 Metaspace       used 60171K, committed 61184K, reserved 1105920K
  class space    used 5882K, committed 6336K, reserved 1048576K
}
Event: 204.958 GC heap before
{Heap before GC invocations=241 (full 98):
 PSYoungGen      total 37888K, used 25600K [0x00000000f5580000, 0x00000000f8800000, 0x0000000100000000)
  eden space 25600K, 100% used [0x00000000f5580000,0x00000000f6e80000,0x00000000f6e80000)
  from space 12288K, 0% used [0x00000000f6e80000,0x00000000f6e80000,0x00000000f7a80000)
  to   space 11776K, 0% used [0x00000000f7b00000,0x00000000f7b00000,0x00000000f8680000)
 ParOldGen       total 349696K, used 349695K [0x00000000e0000000, 0x00000000f5580000, 0x00000000f5580000)
  object space 349696K, 99% used [0x00000000e0000000,0x00000000f557fc40,0x00000000f5580000)
 Metaspace       used 60171K, committed 61184K, reserved 1105920K
  class space    used 5882K, committed 6336K, reserved 1048576K
}
Event: 206.282 GC heap after
{Heap after GC invocations=241 (full 98):
 PSYoungGen      total 37376K, used 25599K [0x00000000f5580000, 0x00000000f8800000, 0x0000000100000000)
  eden space 25600K, 99% used [0x00000000f5580000,0x00000000f6e7ff98,0x00000000f6e80000)
  from space 11776K, 0% used [0x00000000f7b00000,0x00000000f7b00000,0x00000000f8680000)
  to   space 12288K, 0% used [0x00000000f6e80000,0x00000000f6e80000,0x00000000f7a80000)
 ParOldGen       total 349696K, used 349694K [0x00000000e0000000, 0x00000000f5580000, 0x00000000f5580000)
  object space 349696K, 99% used [0x00000000e0000000,0x00000000f557f898,0x00000000f5580000)
 Metaspace       used 60171K, committed 61184K, reserved 1105920K
  class space    used 5882K, committed 6336K, reserved 1048576K
}
Event: 206.293 GC heap before
{Heap before GC invocations=242 (full 99):
 PSYoungGen      total 37376K, used 25599K [0x00000000f5580000, 0x00000000f8800000, 0x0000000100000000)
  eden space 25600K, 99% used [0x00000000f5580000,0x00000000f6e7fff8,0x00000000f6e80000)
  from space 11776K, 0% used [0x00000000f7b00000,0x00000000f7b00000,0x00000000f8680000)
  to   space 12288K, 0% used [0x00000000f6e80000,0x00000000f6e80000,0x00000000f7a80000)
 ParOldGen       total 349696K, used 349694K [0x00000000e0000000, 0x00000000f5580000, 0x00000000f5580000)
  object space 349696K, 99% used [0x00000000e0000000,0x00000000f557f898,0x00000000f5580000)
 Metaspace       used 60171K, committed 61184K, reserved 1105920K
  class space    used 5882K, committed 6336K, reserved 1048576K
}
Event: 207.612 GC heap after
{Heap after GC invocations=242 (full 99):
 PSYoungGen      total 37888K, used 25599K [0x00000000f5580000, 0x00000000f8800000, 0x0000000100000000)
  eden space 25600K, 99% used [0x00000000f5580000,0x00000000f6e7ffd0,0x00000000f6e80000)
  from space 12288K, 0% used [0x00000000f6e80000,0x00000000f6e80000,0x00000000f7a80000)
  to   space 11776K, 0% used [0x00000000f7b00000,0x00000000f7b00000,0x00000000f8680000)
 ParOldGen       total 349696K, used 349694K [0x00000000e0000000, 0x00000000f5580000, 0x00000000f5580000)
  object space 349696K, 99% used [0x00000000e0000000,0x00000000f557f898,0x00000000f5580000)
 Metaspace       used 60171K, committed 61184K, reserved 1105920K
  class space    used 5882K, committed 6336K, reserved 1048576K
}
Event: 207.616 GC heap before
{Heap before GC invocations=243 (full 100):
 PSYoungGen      total 37888K, used 25600K [0x00000000f5580000, 0x00000000f8800000, 0x0000000100000000)
  eden space 25600K, 100% used [0x00000000f5580000,0x00000000f6e80000,0x00000000f6e80000)
  from space 12288K, 0% used [0x00000000f6e80000,0x00000000f6e80000,0x00000000f7a80000)
  to   space 11776K, 0% used [0x00000000f7b00000,0x00000000f7b00000,0x00000000f8680000)
 ParOldGen       total 349696K, used 349694K [0x00000000e0000000, 0x00000000f5580000, 0x00000000f5580000)
  object space 349696K, 99% used [0x00000000e0000000,0x00000000f557f898,0x00000000f5580000)
 Metaspace       used 60171K, committed 61184K, reserved 1105920K
  class space    used 5882K, committed 6336K, reserved 1048576K
}
Event: 209.073 GC heap after
{Heap after GC invocations=243 (full 100):
 PSYoungGen      total 37376K, used 25600K [0x00000000f5580000, 0x00000000f8800000, 0x0000000100000000)
  eden space 25600K, 100% used [0x00000000f5580000,0x00000000f6e80000,0x00000000f6e80000)
  from space 11776K, 0% used [0x00000000f7b00000,0x00000000f7b00000,0x00000000f8680000)
  to   space 12288K, 0% used [0x00000000f6e80000,0x00000000f6e80000,0x00000000f7a80000)
 ParOldGen       total 349696K, used 349694K [0x00000000e0000000, 0x00000000f5580000, 0x00000000f5580000)
  object space 349696K, 99% used [0x00000000e0000000,0x00000000f557f898,0x00000000f5580000)
 Metaspace       used 60171K, committed 61184K, reserved 1105920K
  class space    used 5882K, committed 6336K, reserved 1048576K
}
Event: 209.074 GC heap before
{Heap before GC invocations=244 (full 101):
 PSYoungGen      total 37376K, used 25600K [0x00000000f5580000, 0x00000000f8800000, 0x0000000100000000)
  eden space 25600K, 100% used [0x00000000f5580000,0x00000000f6e80000,0x00000000f6e80000)
  from space 11776K, 0% used [0x00000000f7b00000,0x00000000f7b00000,0x00000000f8680000)
  to   space 12288K, 0% used [0x00000000f6e80000,0x00000000f6e80000,0x00000000f7a80000)
 ParOldGen       total 349696K, used 349694K [0x00000000e0000000, 0x00000000f5580000, 0x00000000f5580000)
  object space 349696K, 99% used [0x00000000e0000000,0x00000000f557fad8,0x00000000f5580000)
 Metaspace       used 60171K, committed 61184K, reserved 1105920K
  class space    used 5882K, committed 6336K, reserved 1048576K
}
Event: 210.397 GC heap after
{Heap after GC invocations=244 (full 101):
 PSYoungGen      total 37888K, used 25599K [0x00000000f5580000, 0x00000000f8800000, 0x0000000100000000)
  eden space 25600K, 99% used [0x00000000f5580000,0x00000000f6e7ffe8,0x00000000f6e80000)
  from space 12288K, 0% used [0x00000000f6e80000,0x00000000f6e80000,0x00000000f7a80000)
  to   space 11776K, 0% used [0x00000000f7b00000,0x00000000f7b00000,0x00000000f8680000)
 ParOldGen       total 349696K, used 349694K [0x00000000e0000000, 0x00000000f5580000, 0x00000000f5580000)
  object space 349696K, 99% used [0x00000000e0000000,0x00000000f557fad8,0x00000000f5580000)
 Metaspace       used 60171K, committed 61184K, reserved 1105920K
  class space    used 5882K, committed 6336K, reserved 1048576K
}
Event: 210.397 GC heap before
{Heap before GC invocations=245 (full 102):
 PSYoungGen      total 37888K, used 25599K [0x00000000f5580000, 0x00000000f8800000, 0x0000000100000000)
  eden space 25600K, 99% used [0x00000000f5580000,0x00000000f6e7ffe8,0x00000000f6e80000)
  from space 12288K, 0% used [0x00000000f6e80000,0x00000000f6e80000,0x00000000f7a80000)
  to   space 11776K, 0% used [0x00000000f7b00000,0x00000000f7b00000,0x00000000f8680000)
 ParOldGen       total 349696K, used 349694K [0x00000000e0000000, 0x00000000f5580000, 0x00000000f5580000)
  object space 349696K, 99% used [0x00000000e0000000,0x00000000f557fad8,0x00000000f5580000)
 Metaspace       used 60171K, committed 61184K, reserved 1105920K
  class space    used 5882K, committed 6336K, reserved 1048576K
}
Event: 211.811 GC heap after
{Heap after GC invocations=245 (full 102):
 PSYoungGen      total 37376K, used 25599K [0x00000000f5580000, 0x00000000f8800000, 0x0000000100000000)
  eden space 25600K, 99% used [0x00000000f5580000,0x00000000f6e7ffe8,0x00000000f6e80000)
  from space 11776K, 0% used [0x00000000f7b00000,0x00000000f7b00000,0x00000000f8680000)
  to   space 12288K, 0% used [0x00000000f6e80000,0x00000000f6e80000,0x00000000f7a80000)
 ParOldGen       total 349696K, used 349694K [0x00000000e0000000, 0x00000000f5580000, 0x00000000f5580000)
  object space 349696K, 99% used [0x00000000e0000000,0x00000000f557fad8,0x00000000f5580000)
 Metaspace       used 60171K, committed 61184K, reserved 1105920K
  class space    used 5882K, committed 6336K, reserved 1048576K
}
Event: 211.812 GC heap before
{Heap before GC invocations=246 (full 103):
 PSYoungGen      total 37376K, used 25599K [0x00000000f5580000, 0x00000000f8800000, 0x0000000100000000)
  eden space 25600K, 99% used [0x00000000f5580000,0x00000000f6e7fff8,0x00000000f6e80000)
  from space 11776K, 0% used [0x00000000f7b00000,0x00000000f7b00000,0x00000000f8680000)
  to   space 12288K, 0% used [0x00000000f6e80000,0x00000000f6e80000,0x00000000f7a80000)
 ParOldGen       total 349696K, used 349694K [0x00000000e0000000, 0x00000000f5580000, 0x00000000f5580000)
  object space 349696K, 99% used [0x00000000e0000000,0x00000000f557faf8,0x00000000f5580000)
 Metaspace       used 60171K, committed 61184K, reserved 1105920K
  class space    used 5882K, committed 6336K, reserved 1048576K
}
Event: 213.178 GC heap after
{Heap after GC invocations=246 (full 103):
 PSYoungGen      total 37888K, used 25599K [0x00000000f5580000, 0x00000000f8800000, 0x0000000100000000)
  eden space 25600K, 99% used [0x00000000f5580000,0x00000000f6e7ffe8,0x00000000f6e80000)
  from space 12288K, 0% used [0x00000000f6e80000,0x00000000f6e80000,0x00000000f7a80000)
  to   space 11776K, 0% used [0x00000000f7b00000,0x00000000f7b00000,0x00000000f8680000)
 ParOldGen       total 349696K, used 349694K [0x00000000e0000000, 0x00000000f5580000, 0x00000000f5580000)
  object space 349696K, 99% used [0x00000000e0000000,0x00000000f557fad8,0x00000000f5580000)
 Metaspace       used 60171K, committed 61184K, reserved 1105920K
  class space    used 5882K, committed 6336K, reserved 1048576K
}
Event: 213.178 GC heap before
{Heap before GC invocations=247 (full 104):
 PSYoungGen      total 37888K, used 25599K [0x00000000f5580000, 0x00000000f8800000, 0x0000000100000000)
  eden space 25600K, 99% used [0x00000000f5580000,0x00000000f6e7ffe8,0x00000000f6e80000)
  from space 12288K, 0% used [0x00000000f6e80000,0x00000000f6e80000,0x00000000f7a80000)
  to   space 11776K, 0% used [0x00000000f7b00000,0x00000000f7b00000,0x00000000f8680000)
 ParOldGen       total 349696K, used 349694K [0x00000000e0000000, 0x00000000f5580000, 0x00000000f5580000)
  object space 349696K, 99% used [0x00000000e0000000,0x00000000f557fad8,0x00000000f5580000)
 Metaspace       used 60171K, committed 61184K, reserved 1105920K
  class space    used 5882K, committed 6336K, reserved 1048576K
}
Event: 214.490 GC heap after
{Heap after GC invocations=247 (full 104):
 PSYoungGen      total 37376K, used 25599K [0x00000000f5580000, 0x00000000f8800000, 0x0000000100000000)
  eden space 25600K, 99% used [0x00000000f5580000,0x00000000f6e7ffe8,0x00000000f6e80000)
  from space 11776K, 0% used [0x00000000f7b00000,0x00000000f7b00000,0x00000000f8680000)
  to   space 12288K, 0% used [0x00000000f6e80000,0x00000000f6e80000,0x00000000f7a80000)
 ParOldGen       total 349696K, used 349694K [0x00000000e0000000, 0x00000000f5580000, 0x00000000f5580000)
  object space 349696K, 99% used [0x00000000e0000000,0x00000000f557fad8,0x00000000f5580000)
 Metaspace       used 60171K, committed 61184K, reserved 1105920K
  class space    used 5882K, committed 6336K, reserved 1048576K
}

